C:\GIT\Examen2\WebApp\wwwroot\App\Cliente\Edit.js
C:\GIT\Examen2\WebApp\wwwroot\App\Cliente\Edit.js.map
C:\GIT\Examen2\WebApp\wwwroot\App\Cliente\Grid.js
C:\GIT\Examen2\WebApp\wwwroot\App\Cliente\Grid.js.map
C:\GIT\Examen2\WebApp\wwwroot\App\Servicio\Edit.js
C:\GIT\Examen2\WebApp\wwwroot\App\Servicio\Edit.js.map
C:\GIT\Examen2\WebApp\wwwroot\App\Servicio\Grid.js
C:\GIT\Examen2\WebApp\wwwroot\App\Servicio\Grid.js.map
C:\GIT\Examen2\WebApp\wwwroot\App\Solicitud\Edit.js
C:\GIT\Examen2\WebApp\wwwroot\App\Solicitud\Edit.js.map
C:\GIT\Examen2\WebApp\wwwroot\App\Solicitud\Grid.js
C:\GIT\Examen2\WebApp\wwwroot\App\Solicitud\Grid.js.map
C:\GIT\Examen2\WebApp\wwwroot\Assets\@types\global.js
C:\GIT\Examen2\WebApp\wwwroot\Assets\@types\global.js.map
C:\GIT\Examen2\WebApp\wwwroot\Assets\@types\SweetAlert\Sweetalert.js
C:\GIT\Examen2\WebApp\wwwroot\Assets\@types\SweetAlert\Sweetalert.js.map
C:\GIT\Examen2\WebApp\wwwroot\Assets\@types\bootstrap-validator\bvenums.js
C:\GIT\Examen2\WebApp\wwwroot\Assets\@types\bootstrap-validator\bvenums.js.map
C:\GIT\Examen2\WebApp\wwwroot\Assets\Plugin\CoreFile\CoreFile.js
C:\GIT\Examen2\WebApp\wwwroot\Assets\Plugin\CoreFile\CoreFile.js.map
C:\GIT\Examen2\WebApp\wwwroot\Assets\Plugin\axios\AxiosConfig.js
C:\GIT\Examen2\WebApp\wwwroot\Assets\Plugin\axios\AxiosConfig.js.map
C:\GIT\Examen2\WebApp\wwwroot\Assets\Plugin\bvalidator\FormValidateConfig.js
C:\GIT\Examen2\WebApp\wwwroot\Assets\Plugin\bvalidator\FormValidateConfig.js.map
C:\GIT\Examen2\WebApp\wwwroot\Assets\Plugin\bvalidator\bv-validators.js
C:\GIT\Examen2\WebApp\wwwroot\Assets\Plugin\bvalidator\bv-validators.js.map
C:\GIT\Examen2\WebApp\wwwroot\Assets\Plugin\sweetalert\SwalConfig.js
C:\GIT\Examen2\WebApp\wwwroot\Assets\Plugin\sweetalert\SwalConfig.js.map
C:\GIT\Examen2\WebApp\wwwroot\Assets\Plugin\vue\VueLoaderTemplate.js
C:\GIT\Examen2\WebApp\wwwroot\Assets\Plugin\vue\VueLoaderTemplate.js.map
C:\GIT\Examen2\WebApp\wwwroot\Scripts\AxiosProvider.js
C:\GIT\Examen2\WebApp\wwwroot\Scripts\AxiosProvider.js.map
C:\GIT\Examen2\WebApp\wwwroot\Scripts\entity.js
C:\GIT\Examen2\WebApp\wwwroot\Scripts\entity.js.map
