D:\Universidad\septimo cuatrimestre\progra\Examenes y tareas\Examen2\examen2\WebApp\wwwroot\App\Cliente\Edit.js
D:\Universidad\septimo cuatrimestre\progra\Examenes y tareas\Examen2\examen2\WebApp\wwwroot\App\Cliente\Edit.js.map
D:\Universidad\septimo cuatrimestre\progra\Examenes y tareas\Examen2\examen2\WebApp\wwwroot\App\Cliente\Grid.js
D:\Universidad\septimo cuatrimestre\progra\Examenes y tareas\Examen2\examen2\WebApp\wwwroot\App\Cliente\Grid.js.map
D:\Universidad\septimo cuatrimestre\progra\Examenes y tareas\Examen2\examen2\WebApp\wwwroot\App\Servicio\Edit.js
D:\Universidad\septimo cuatrimestre\progra\Examenes y tareas\Examen2\examen2\WebApp\wwwroot\App\Servicio\Edit.js.map
D:\Universidad\septimo cuatrimestre\progra\Examenes y tareas\Examen2\examen2\WebApp\wwwroot\App\Servicio\Grid.js
D:\Universidad\septimo cuatrimestre\progra\Examenes y tareas\Examen2\examen2\WebApp\wwwroot\App\Servicio\Grid.js.map
D:\Universidad\septimo cuatrimestre\progra\Examenes y tareas\Examen2\examen2\WebApp\wwwroot\App\Solicitud\Edit.js
D:\Universidad\septimo cuatrimestre\progra\Examenes y tareas\Examen2\examen2\WebApp\wwwroot\App\Solicitud\Edit.js.map
D:\Universidad\septimo cuatrimestre\progra\Examenes y tareas\Examen2\examen2\WebApp\wwwroot\App\Solicitud\Grid.js
D:\Universidad\septimo cuatrimestre\progra\Examenes y tareas\Examen2\examen2\WebApp\wwwroot\App\Solicitud\Grid.js.map
D:\Universidad\septimo cuatrimestre\progra\Examenes y tareas\Examen2\examen2\WebApp\wwwroot\Assets\@types\global.js
D:\Universidad\septimo cuatrimestre\progra\Examenes y tareas\Examen2\examen2\WebApp\wwwroot\Assets\@types\global.js.map
D:\Universidad\septimo cuatrimestre\progra\Examenes y tareas\Examen2\examen2\WebApp\wwwroot\Assets\@types\SweetAlert\Sweetalert.js
D:\Universidad\septimo cuatrimestre\progra\Examenes y tareas\Examen2\examen2\WebApp\wwwroot\Assets\@types\SweetAlert\Sweetalert.js.map
D:\Universidad\septimo cuatrimestre\progra\Examenes y tareas\Examen2\examen2\WebApp\wwwroot\Assets\@types\bootstrap-validator\bvenums.js
D:\Universidad\septimo cuatrimestre\progra\Examenes y tareas\Examen2\examen2\WebApp\wwwroot\Assets\@types\bootstrap-validator\bvenums.js.map
D:\Universidad\septimo cuatrimestre\progra\Examenes y tareas\Examen2\examen2\WebApp\wwwroot\Assets\Plugin\CoreFile\CoreFile.js
D:\Universidad\septimo cuatrimestre\progra\Examenes y tareas\Examen2\examen2\WebApp\wwwroot\Assets\Plugin\CoreFile\CoreFile.js.map
D:\Universidad\septimo cuatrimestre\progra\Examenes y tareas\Examen2\examen2\WebApp\wwwroot\Assets\Plugin\axios\AxiosConfig.js
D:\Universidad\septimo cuatrimestre\progra\Examenes y tareas\Examen2\examen2\WebApp\wwwroot\Assets\Plugin\axios\AxiosConfig.js.map
D:\Universidad\septimo cuatrimestre\progra\Examenes y tareas\Examen2\examen2\WebApp\wwwroot\Assets\Plugin\bvalidator\FormValidateConfig.js
D:\Universidad\septimo cuatrimestre\progra\Examenes y tareas\Examen2\examen2\WebApp\wwwroot\Assets\Plugin\bvalidator\FormValidateConfig.js.map
D:\Universidad\septimo cuatrimestre\progra\Examenes y tareas\Examen2\examen2\WebApp\wwwroot\Assets\Plugin\bvalidator\bv-validators.js
D:\Universidad\septimo cuatrimestre\progra\Examenes y tareas\Examen2\examen2\WebApp\wwwroot\Assets\Plugin\bvalidator\bv-validators.js.map
D:\Universidad\septimo cuatrimestre\progra\Examenes y tareas\Examen2\examen2\WebApp\wwwroot\Assets\Plugin\sweetalert\SwalConfig.js
D:\Universidad\septimo cuatrimestre\progra\Examenes y tareas\Examen2\examen2\WebApp\wwwroot\Assets\Plugin\sweetalert\SwalConfig.js.map
D:\Universidad\septimo cuatrimestre\progra\Examenes y tareas\Examen2\examen2\WebApp\wwwroot\Assets\Plugin\vue\VueLoaderTemplate.js
D:\Universidad\septimo cuatrimestre\progra\Examenes y tareas\Examen2\examen2\WebApp\wwwroot\Assets\Plugin\vue\VueLoaderTemplate.js.map
D:\Universidad\septimo cuatrimestre\progra\Examenes y tareas\Examen2\examen2\WebApp\wwwroot\Scripts\AxiosProvider.js
D:\Universidad\septimo cuatrimestre\progra\Examenes y tareas\Examen2\examen2\WebApp\wwwroot\Scripts\AxiosProvider.js.map
D:\Universidad\septimo cuatrimestre\progra\Examenes y tareas\Examen2\examen2\WebApp\wwwroot\Scripts\entity.js
D:\Universidad\septimo cuatrimestre\progra\Examenes y tareas\Examen2\examen2\WebApp\wwwroot\Scripts\entity.js.map
